<?xml version="1.0" encoding="UTF-8"?>
<!-- Generated by org.testng.reporters.JUnitReportReporter -->
<testsuite skipped="0" hostname="DESKTOP-N308L1J" name="variousConcepts.LearnTestNG" tests="1" failures="0" timestamp="09 May 2021 15:40:46 GMT" time="14.170" errors="0">
  <testcase name="addCustomer" time="14.170" classname="variousConcepts.LearnTestNG"/>
</testsuite> <!-- variousConcepts.LearnTestNG -->
